Determining if the pthread_create exist failed with the following output:
Change Dir: /home/pi/ROS/gpar-ros/build/CMakeFiles/CMakeTmp

Run Build Command:"/usr/bin/make" "cmTC_25edc/fast"
/usr/bin/make -f CMakeFiles/cmTC_25edc.dir/build.make CMakeFiles/cmTC_25edc.dir/build
make[1]: Entering directory '/home/pi/ROS/gpar-ros/build/CMakeFiles/CMakeTmp'
Building C object CMakeFiles/cmTC_25edc.dir/CheckSymbolExists.c.o
/usr/bin/cc    -o CMakeFiles/cmTC_25edc.dir/CheckSymbolExists.c.o   -c /home/pi/ROS/gpar-ros/build/CMakeFiles/CMakeTmp/CheckSymbolExists.c
Linking C executable cmTC_25edc
/usr/bin/cmake -E cmake_link_script CMakeFiles/cmTC_25edc.dir/link.txt --verbose=1
/usr/bin/cc      -rdynamic CMakeFiles/cmTC_25edc.dir/CheckSymbolExists.c.o  -o cmTC_25edc 
CMakeFiles/cmTC_25edc.dir/CheckSymbolExists.c.o: In function `main':
CheckSymbolExists.c:(.text+0x2c): undefined reference to `pthread_create'
collect2: error: ld returned 1 exit status
CMakeFiles/cmTC_25edc.dir/build.make:97: recipe for target 'cmTC_25edc' failed
make[1]: *** [cmTC_25edc] Error 1
make[1]: Leaving directory '/home/pi/ROS/gpar-ros/build/CMakeFiles/CMakeTmp'
Makefile:126: recipe for target 'cmTC_25edc/fast' failed
make: *** [cmTC_25edc/fast] Error 2

File /home/pi/ROS/gpar-ros/build/CMakeFiles/CMakeTmp/CheckSymbolExists.c:
/* */
#include <pthread.h>

int main(int argc, char** argv)
{
  (void)argv;
#ifndef pthread_create
  return ((int*)(&pthread_create))[argc];
#else
  (void)argc;
  return 0;
#endif
}

Determining if the function pthread_create exists in the pthreads failed with the following output:
Change Dir: /home/pi/ROS/gpar-ros/build/CMakeFiles/CMakeTmp

Run Build Command:"/usr/bin/make" "cmTC_79fce/fast"
/usr/bin/make -f CMakeFiles/cmTC_79fce.dir/build.make CMakeFiles/cmTC_79fce.dir/build
make[1]: Entering directory '/home/pi/ROS/gpar-ros/build/CMakeFiles/CMakeTmp'
Building C object CMakeFiles/cmTC_79fce.dir/CheckFunctionExists.c.o
/usr/bin/cc   -DCHECK_FUNCTION_EXISTS=pthread_create   -o CMakeFiles/cmTC_79fce.dir/CheckFunctionExists.c.o   -c /usr/share/cmake-3.10/Modules/CheckFunctionExists.c
Linking C executable cmTC_79fce
/usr/bin/cmake -E cmake_link_script CMakeFiles/cmTC_79fce.dir/link.txt --verbose=1
/usr/bin/cc  -DCHECK_FUNCTION_EXISTS=pthread_create    -rdynamic CMakeFiles/cmTC_79fce.dir/CheckFunctionExists.c.o  -o cmTC_79fce -lpthreads 
/usr/bin/ld: cannot find -lpthreads
collect2: error: ld returned 1 exit status
CMakeFiles/cmTC_79fce.dir/build.make:97: recipe for target 'cmTC_79fce' failed
make[1]: *** [cmTC_79fce] Error 1
make[1]: Leaving directory '/home/pi/ROS/gpar-ros/build/CMakeFiles/CMakeTmp'
Makefile:126: recipe for target 'cmTC_79fce/fast' failed
make: *** [cmTC_79fce/fast] Error 2


